#
# There is insufficient memory for the Java Runtime Environment to continue.
# Native memory allocation (malloc) failed to allocate 1063536 bytes for Chunk::new
# Possible reasons:
#   The system is out of physical RAM or swap space
#   The process is running with CompressedOops enabled, and the Java Heap may be blocking the growth of the native heap
# Possible solutions:
#   Reduce memory load on the system
#   Increase physical memory or swap space
#   Check if swap backing store is full
#   Decrease Java heap size (-Xmx/-Xms)
#   Decrease number of Java threads
#   Decrease Java thread stack sizes (-Xss)
#   Set larger code cache with -XX:ReservedCodeCacheSize=
#   JVM is running with Unscaled Compressed Oops mode in which the Java heap is
#     placed in the first 4GB address space. The Java Heap base address is the
#     maximum limit for the native heap growth. Please use -XX:HeapBaseMinAddress
#     to set the Java Heap base and to place the Java Heap above 4GB virtual address.
# This output file may be truncated or incomplete.
#
#  Out of Memory Error (./src/hotspot/share/memory/arena.cpp:197), pid=18824, tid=18716
#
# JRE version: OpenJDK Runtime Environment (11.0.8+10) (build 11.0.8+10-b944.6842174)
# Java VM: OpenJDK 64-Bit Server VM (11.0.8+10-b944.6842174, mixed mode, tiered, compressed oops, g1 gc, windows-amd64)
# No core dump will be written. Minidumps are not enabled by default on client versions of Windows
#

---------------  S U M M A R Y ------------

Command Line: --add-opens=java.base/java.util=ALL-UNNAMED --add-opens=java.base/java.lang=ALL-UNNAMED --add-opens=java.base/java.lang.invoke=ALL-UNNAMED --add-opens=java.prefs/java.util.prefs=ALL-UNNAMED -Xmx2048m -Dfile.encoding=UTF-8 -Duser.country=IN -Duser.language=en -Duser.variant org.gradle.launcher.daemon.bootstrap.GradleDaemon 6.7.1

Host: Intel(R) Core(TM) i5-8265U CPU @ 1.60GHz, 8 cores, 3G,  Windows 10 , 64 bit Build 19041 (10.0.19041.804)
Time: Sun Apr 11 17:00:34 2021 India Standard Time elapsed time: 143 seconds (0d 0h 2m 23s)

---------------  T H R E A D  ---------------

Current thread (0x00000202dbcad800):  JavaThread "C2 CompilerThread0" daemon [_thread_in_native, id=18716, stack(0x0000006266e00000,0x0000006266f00000)]


Current CompileTask:
C2: 143889 13039 %     4       java.util.regex.Pattern::compile @ 73 (498 bytes)

Stack: [0x0000006266e00000,0x0000006266f00000]
Native frames: (J=compiled Java code, j=interpreted, Vv=VM code, C=native code)
V  [jvm.dll+0x5de50a]
V  [jvm.dll+0x7122f5]
V  [jvm.dll+0x71384d]
V  [jvm.dll+0x713f03]
V  [jvm.dll+0x23e728]
V  [jvm.dll+0xb899c]
V  [jvm.dll+0xb8e9c]
V  [jvm.dll+0x35020b]
V  [jvm.dll+0x31dea3]
V  [jvm.dll+0x31d39a]
V  [jvm.dll+0x1f7702]
V  [jvm.dll+0x1f68d4]
V  [jvm.dll+0x17f32c]
V  [jvm.dll+0x205047]
V  [jvm.dll+0x203891]
V  [jvm.dll+0x6dad3f]
V  [jvm.dll+0x6d3895]
V  [jvm.dll+0x5dd4a6]
C  [ucrtbase.dll+0x21bb2]
C  [KERNEL32.DLL+0x17034]
C  [ntdll.dll+0x52651]


---------------  P R O C E S S  ---------------

Threads class SMR info:
_java_thread_list=0x00000202e4e02980, length=54, elements={
0x00000202c19af000, 0x00000202dbc90000, 0x00000202dbc92000, 0x00000202dbcaa800,
0x00000202dbcab000, 0x00000202dbcad800, 0x00000202dbcb2000, 0x00000202dbcb7800,
0x00000202dc761800, 0x00000202dc79d800, 0x00000202dd97d000, 0x00000202ddc7c800,
0x00000202de0c7000, 0x00000202de3c9000, 0x00000202dd91d800, 0x00000202dd7bc800,
0x00000202dd139800, 0x00000202dd10b000, 0x00000202dd8b5800, 0x00000202de3ca800,
0x00000202de3cb800, 0x00000202de3cc000, 0x00000202de3cd000, 0x00000202e04c2800,
0x00000202e04c0800, 0x00000202e04c3000, 0x00000202e04bf000, 0x00000202e04c4000,
0x00000202e04c9800, 0x00000202e04ca800, 0x00000202e04c9000, 0x00000202e04c5000,
0x00000202e04cb800, 0x00000202e04c6800, 0x00000202e04c7000, 0x00000202e04c5800,
0x00000202e04cc000, 0x00000202dc655000, 0x00000202dc65b800, 0x00000202dc65c800,
0x00000202dc65d000, 0x00000202dc662000, 0x00000202dc661800, 0x00000202dc65f800,
0x00000202dc660800, 0x00000202dc65e000, 0x00000202dc65f000, 0x00000202dc663000,
0x00000202e3132800, 0x00000202e3133800, 0x00000202e3131800, 0x00000202e3136800,
0x00000202e3134000, 0x00000202e3131000
}

Java Threads: ( => current thread )
  0x00000202c19af000 JavaThread "main" [_thread_blocked, id=18788, stack(0x0000006266300000,0x0000006266400000)]
  0x00000202dbc90000 JavaThread "Reference Handler" daemon [_thread_blocked, id=19660, stack(0x0000006266a00000,0x0000006266b00000)]
  0x00000202dbc92000 JavaThread "Finalizer" daemon [_thread_blocked, id=18948, stack(0x0000006266b00000,0x0000006266c00000)]
  0x00000202dbcaa800 JavaThread "Signal Dispatcher" daemon [_thread_blocked, id=12828, stack(0x0000006266c00000,0x0000006266d00000)]
  0x00000202dbcab000 JavaThread "Attach Listener" daemon [_thread_blocked, id=18452, stack(0x0000006266d00000,0x0000006266e00000)]
=>0x00000202dbcad800 JavaThread "C2 CompilerThread0" daemon [_thread_in_native, id=18716, stack(0x0000006266e00000,0x0000006266f00000)]
  0x00000202dbcb2000 JavaThread "C1 CompilerThread0" daemon [_thread_blocked, id=15612, stack(0x0000006266f00000,0x0000006267000000)]
  0x00000202dbcb7800 JavaThread "Sweeper thread" daemon [_thread_blocked, id=8972, stack(0x0000006267000000,0x0000006267100000)]
  0x00000202dc761800 JavaThread "Common-Cleaner" daemon [_thread_blocked, id=9748, stack(0x0000006267100000,0x0000006267200000)]
  0x00000202dc79d800 JavaThread "Service Thread" daemon [_thread_blocked, id=17792, stack(0x0000006267200000,0x0000006267300000)]
  0x00000202dd97d000 JavaThread "Daemon health stats" [_thread_blocked, id=7852, stack(0x0000006267500000,0x0000006267600000)]
  0x00000202ddc7c800 JavaThread "Incoming local TCP Connector on port 65237" [_thread_in_native, id=18112, stack(0x0000006267800000,0x0000006267900000)]
  0x00000202de0c7000 JavaThread "Daemon periodic checks" [_thread_blocked, id=5996, stack(0x0000006267900000,0x0000006267a00000)]
  0x00000202de3c9000 JavaThread "Daemon" [_thread_blocked, id=10864, stack(0x0000006267a00000,0x0000006267b00000)]
  0x00000202dd91d800 JavaThread "Handler for socket connection from /127.0.0.1:65237 to /127.0.0.1:65238" [_thread_in_native, id=10644, stack(0x0000006267b00000,0x0000006267c00000)]
  0x00000202dd7bc800 JavaThread "Cancel handler" [_thread_blocked, id=17716, stack(0x0000006267c00000,0x0000006267d00000)]
  0x00000202dd139800 JavaThread "Daemon worker" [_thread_blocked, id=2516, stack(0x0000006267d00000,0x0000006267e00000)]
  0x00000202dd10b000 JavaThread "Asynchronous log dispatcher for DefaultDaemonConnection: socket connection from /127.0.0.1:65237 to /127.0.0.1:65238" [_thread_blocked, id=18568, stack(0x0000006267e00000,0x0000006267f00000)]
  0x00000202dd8b5800 JavaThread "Thread-8" [_thread_blocked, id=17424, stack(0x0000006268600000,0x0000006268700000)]
  0x00000202de3ca800 JavaThread "Cache worker for file hash cache (C:\Users\Kunal\.gradle\caches\6.7.1\fileHashes)" [_thread_blocked, id=19176, stack(0x0000006268700000,0x0000006268800000)]
  0x00000202de3cb800 JavaThread "File lock request listener" [_thread_in_native, id=3276, stack(0x0000006268800000,0x0000006268900000)]
  0x00000202de3cc000 JavaThread "Cache worker for journal cache (C:\Users\Kunal\.gradle\caches\journal-1)" [_thread_blocked, id=19576, stack(0x0000006268a00000,0x0000006268b00000)]
  0x00000202de3cd000 JavaThread "Cache worker for file hash cache (C:\Users\Kunal\AndroidStudioProjects\DistanceTracker\.gradle\6.7.1\fileHashes)" [_thread_blocked, id=5332, stack(0x0000006268b00000,0x0000006268c00000)]
  0x00000202e04c2800 JavaThread "Cache worker for checksums cache (C:\Users\Kunal\AndroidStudioProjects\DistanceTracker\.gradle\checksums)" [_thread_blocked, id=8560, stack(0x0000006268c00000,0x0000006268d00000)]
  0x00000202e04c0800 JavaThread "Cache worker for cache directory md-supplier (C:\Users\Kunal\.gradle\caches\6.7.1\md-supplier)" [_thread_blocked, id=19172, stack(0x0000006268d00000,0x0000006268e00000)]
  0x00000202e04c3000 JavaThread "Cache worker for cache directory md-rule (C:\Users\Kunal\.gradle\caches\6.7.1\md-rule)" [_thread_blocked, id=6772, stack(0x0000006268e00000,0x0000006268f00000)]
  0x00000202e04bf000 JavaThread "Cache worker for execution history cache (C:\Users\Kunal\.gradle\caches\6.7.1\executionHistory)" [_thread_blocked, id=19560, stack(0x0000006268f00000,0x0000006269000000)]
  0x00000202e04c4000 JavaThread "Cache worker for file content cache (C:\Users\Kunal\.gradle\caches\6.7.1\fileContent)" [_thread_blocked, id=19644, stack(0x0000006269100000,0x0000006269200000)]
  0x00000202e04c9800 JavaThread "Cache worker for Build Output Cleanup Cache (C:\Users\Kunal\AndroidStudioProjects\DistanceTracker\.gradle\buildOutputCleanup)" [_thread_blocked, id=19356, stack(0x0000006269200000,0x0000006269300000)]
  0x00000202e04ca800 JavaThread "Build operations" [_thread_blocked, id=19540, stack(0x0000006269300000,0x0000006269400000)]
  0x00000202e04c9000 JavaThread "Build operations Thread 2" [_thread_blocked, id=19704, stack(0x0000006269400000,0x0000006269500000)]
  0x00000202e04c5000 JavaThread "Build operations Thread 3" [_thread_blocked, id=17508, stack(0x0000006269500000,0x0000006269600000)]
  0x00000202e04cb800 JavaThread "Build operations Thread 4" [_thread_blocked, id=17936, stack(0x0000006269600000,0x0000006269700000)]
  0x00000202e04c6800 JavaThread "Build operations Thread 5" [_thread_blocked, id=18340, stack(0x0000006269700000,0x0000006269800000)]
  0x00000202e04c7000 JavaThread "Build operations Thread 6" [_thread_blocked, id=7848, stack(0x0000006269800000,0x0000006269900000)]
  0x00000202e04c5800 JavaThread "Build operations Thread 7" [_thread_blocked, id=9624, stack(0x0000006269900000,0x0000006269a00000)]
  0x00000202e04cc000 JavaThread "Build operations Thread 8" [_thread_blocked, id=16700, stack(0x0000006269a00000,0x0000006269b00000)]
  0x00000202dc655000 JavaThread "Memory manager" [_thread_blocked, id=18772, stack(0x0000006271700000,0x0000006271800000)]
  0x00000202dc65b800 JavaThread "build event listener" [_thread_blocked, id=1824, stack(0x0000006271800000,0x0000006271900000)]
  0x00000202dc65c800 JavaThread "build event listener" [_thread_blocked, id=18500, stack(0x0000006271900000,0x0000006271a00000)]
  0x00000202dc65d000 JavaThread "Execution worker for ':'" [_thread_blocked, id=15620, stack(0x0000006271a00000,0x0000006271b00000)]
  0x00000202dc662000 JavaThread "Execution worker for ':' Thread 2" [_thread_blocked, id=17476, stack(0x0000006271b00000,0x0000006271c00000)]
  0x00000202dc661800 JavaThread "Execution worker for ':' Thread 3" [_thread_blocked, id=17440, stack(0x0000006271c00000,0x0000006271d00000)]
  0x00000202dc65f800 JavaThread "Execution worker for ':' Thread 4" [_thread_blocked, id=12388, stack(0x0000006271d00000,0x0000006271e00000)]
  0x00000202dc660800 JavaThread "Execution worker for ':' Thread 5" [_thread_blocked, id=20440, stack(0x0000006271e00000,0x0000006271f00000)]
  0x00000202dc65e000 JavaThread "Execution worker for ':' Thread 6" [_thread_blocked, id=18648, stack(0x0000006271f00000,0x0000006272000000)]
  0x00000202dc65f000 JavaThread "Execution worker for ':' Thread 7" [_thread_blocked, id=20188, stack(0x0000006272000000,0x0000006272100000)]
  0x00000202dc663000 JavaThread "Cache worker for execution history cache (C:\Users\Kunal\AndroidStudioProjects\DistanceTracker\.gradle\6.7.1\executionHistory)" [_thread_blocked, id=15448, stack(0x0000006272100000,0x0000006272200000)]
  0x00000202e3132800 JavaThread "RMI Scheduler(0)" daemon [_thread_blocked, id=13640, stack(0x0000006266000000,0x0000006266100000)]
  0x00000202e3133800 JavaThread "RMI GC Daemon" daemon [_thread_blocked, id=11344, stack(0x0000006266200000,0x0000006266300000)]
  0x00000202e3131800 JavaThread "RMI TCP Accept-0" daemon [_thread_in_native, id=20452, stack(0x0000006268500000,0x0000006268600000)]
  0x00000202e3136800 JavaThread "RMI Reaper" [_thread_blocked, id=8264, stack(0x0000006272200000,0x0000006272300000)]
  0x00000202e3134000 JavaThread "RMI TCP Connection(idle)" daemon [_thread_blocked, id=19268, stack(0x0000006272300000,0x0000006272400000)]
  0x00000202e3131000 JavaThread "WorkerExecutor Queue" [_thread_in_Java, id=17768, stack(0x0000006269b00000,0x0000006269c00000)]

Other Threads:
  0x00000202dbc8a800 VMThread "VM Thread" [stack: 0x0000006266900000,0x0000006266a00000] [id=18336]
  0x00000202dc79f000 WatcherThread [stack: 0x0000006267300000,0x0000006267400000] [id=17876]
  0x00000202c19c7800 GCTaskThread "GC Thread#0" [stack: 0x0000006266400000,0x0000006266500000] [id=11432]
  0x00000202dd1e3800 GCTaskThread "GC Thread#1" [stack: 0x0000006267400000,0x0000006267500000] [id=11908]
  0x00000202dd13b000 GCTaskThread "GC Thread#2" [stack: 0x0000006267f00000,0x0000006268000000] [id=18360]
  0x00000202dd13b800 GCTaskThread "GC Thread#3" [stack: 0x0000006268000000,0x0000006268100000] [id=18428]
  0x00000202dd13c800 GCTaskThread "GC Thread#4" [stack: 0x0000006268100000,0x0000006268200000] [id=17848]
  0x00000202ddcc3000 GCTaskThread "GC Thread#5" [stack: 0x0000006268200000,0x0000006268300000] [id=18172]
  0x00000202ddcc3800 GCTaskThread "GC Thread#6" [stack: 0x0000006268300000,0x0000006268400000] [id=14356]
  0x00000202ddcc8000 GCTaskThread "GC Thread#7" [stack: 0x0000006268400000,0x0000006268500000] [id=18416]
  0x00000202c19fc000 ConcurrentGCThread "G1 Main Marker" [stack: 0x0000006266500000,0x0000006266600000] [id=6400]
  0x00000202c19fd800 ConcurrentGCThread "G1 Conc#0" [stack: 0x0000006266600000,0x0000006266700000] [id=18032]
  0x00000202dd062800 ConcurrentGCThread "G1 Conc#1" [stack: 0x0000006268900000,0x0000006268a00000] [id=19084]
  0x00000202c1a66800 ConcurrentGCThread "G1 Refine#0" [stack: 0x0000006266700000,0x0000006266800000] [id=16596]
  0x00000202de3b7000 ConcurrentGCThread "G1 Refine#1" [stack: 0x0000006269000000,0x0000006269100000] [id=19912]
  0x00000202e53ef800 ConcurrentGCThread "G1 Refine#2" [stack: 0x0000006269c00000,0x0000006269d00000] [id=18916]
  0x00000202e535b000 ConcurrentGCThread "G1 Refine#3" [stack: 0x0000006266100000,0x0000006266200000] [id=5752]
  0x00000202e5321000 ConcurrentGCThread "G1 Refine#4" [stack: 0x0000006267600000,0x0000006267700000] [id=18372]
  0x00000202e5970800 ConcurrentGCThread "G1 Refine#5" [stack: 0x0000006267700000,0x0000006267800000] [id=17644]
  0x00000202c1a67800 ConcurrentGCThread "G1 Young RemSet Sampling" [stack: 0x0000006266800000,0x0000006266900000] [id=13576]

Threads with active compile tasks:
C2 CompilerThread0 143960 13039 %     4       java.util.regex.Pattern::compile @ 73 (498 bytes)

VM state:not at safepoint (normal execution)

VM Mutex/Monitor currently owned by a thread: None

Heap address: 0x0000000080000000, size: 2048 MB, Compressed Oops mode: 32-bit
Narrow klass base: 0x0000000000000000, Narrow klass shift: 3
Compressed class space size: 1073741824 Address: 0x0000000100000000

Heap:
 garbage-first heap   total 252928K, used 223342K [0x0000000080000000, 0x0000000100000000)
  region size 1024K, 6 young (6144K), 2 survivors (2048K)
 Metaspace       used 111631K, capacity 114188K, committed 114304K, reserved 1148928K
  class space    used 14060K, capacity 14971K, committed 14976K, reserved 1048576K
Heap Regions: E=young(eden), S=young(survivor), O=old, HS=humongous(starts), HC=humongous(continues), CS=collection set, F=free, A=archive, TAMS=top-at-mark-start (previous, next)
|   0|0x0000000080000000, 0x0000000080100000, 0x0000000080100000|100%| O|  |TAMS 0x0000000080100000, 0x0000000080000000| Updating 
|   1|0x0000000080100000, 0x0000000080200000, 0x0000000080200000|100%| O|  |TAMS 0x0000000080200000, 0x0000000080100000| Updating 
|   2|0x0000000080200000, 0x0000000080300000, 0x0000000080300000|100%| O|  |TAMS 0x0000000080300000, 0x0000000080200000| Updating 
|   3|0x0000000080300000, 0x0000000080400000, 0x0000000080400000|100%|HS|  |TAMS 0x0000000080400000, 0x0000000080300000| Complete 
|   4|0x0000000080400000, 0x0000000080500000, 0x0000000080500000|100%|HC|  |TAMS 0x0000000080500000, 0x0000000080400000| Complete 
|   5|0x0000000080500000, 0x0000000080600000, 0x0000000080600000|100%|HC|  |TAMS 0x0000000080600000, 0x0000000080500000| Complete 
|   6|0x0000000080600000, 0x0000000080700000, 0x0000000080700000|100%| O|  |TAMS 0x0000000080700000, 0x0000000080600000| Updating 
|   7|0x0000000080700000, 0x0000000080800000, 0x0000000080800000|100%| O|  |TAMS 0x0000000080800000, 0x0000000080700000| Updating 
|   8|0x0000000080800000, 0x0000000080900000, 0x0000000080900000|100%| O|  |TAMS 0x0000000080900000, 0x0000000080800000| Updating 
|   9|0x0000000080900000, 0x0000000080a00000, 0x0000000080a00000|100%| O|  |TAMS 0x0000000080a00000, 0x0000000080900000| Updating 
|  10|0x0000000080a00000, 0x0000000080b00000, 0x0000000080b00000|100%| O|  |TAMS 0x0000000080b00000, 0x0000000080a00000| Updating 
|  11|0x0000000080b00000, 0x0000000080c00000, 0x0000000080c00000|100%| O|  |TAMS 0x0000000080c00000, 0x0000000080b00000| Updating 
|  12|0x0000000080c00000, 0x0000000080d00000, 0x0000000080d00000|100%| O|  |TAMS 0x0000000080d00000, 0x0000000080c00000| Updating 
|  13|0x0000000080d00000, 0x0000000080e00000, 0x0000000080e00000|100%| O|  |TAMS 0x0000000080e00000, 0x0000000080d00000| Updating 
|  14|0x0000000080e00000, 0x0000000080f00000, 0x0000000080f00000|100%| O|  |TAMS 0x0000000080f00000, 0x0000000080e00000| Updating 
|  15|0x0000000080f00000, 0x0000000081000000, 0x0000000081000000|100%| O|  |TAMS 0x0000000081000000, 0x0000000080f00000| Updating 
|  16|0x0000000081000000, 0x0000000081100000, 0x0000000081100000|100%| O|  |TAMS 0x0000000081100000, 0x0000000081000000| Updating 
|  17|0x0000000081100000, 0x0000000081200000, 0x0000000081200000|100%| O|  |TAMS 0x0000000081200000, 0x0000000081100000| Updating 
|  18|0x0000000081200000, 0x0000000081300000, 0x0000000081300000|100%| O|  |TAMS 0x0000000081300000, 0x0000000081200000| Updating 
|  19|0x0000000081300000, 0x0000000081400000, 0x0000000081400000|100%| O|  |TAMS 0x0000000081400000, 0x0000000081300000| Updating 
|  20|0x0000000081400000, 0x0000000081500000, 0x0000000081500000|100%| O|  |TAMS 0x0000000081500000, 0x0000000081400000| Updating 
|  21|0x0000000081500000, 0x0000000081600000, 0x0000000081600000|100%| O|  |TAMS 0x0000000081600000, 0x0000000081500000| Updating 
|  22|0x0000000081600000, 0x0000000081700000, 0x0000000081700000|100%| O|  |TAMS 0x0000000081700000, 0x0000000081600000| Updating 
|  23|0x0000000081700000, 0x0000000081800000, 0x0000000081800000|100%| O|  |TAMS 0x0000000081800000, 0x0000000081700000| Updating 
|  24|0x0000000081800000, 0x0000000081900000, 0x0000000081900000|100%| O|  |TAMS 0x0000000081900000, 0x0000000081800000| Updating 
|  25|0x0000000081900000, 0x0000000081a00000, 0x0000000081a00000|100%| O|  |TAMS 0x0000000081a00000, 0x0000000081900000| Updating 
|  26|0x0000000081a00000, 0x0000000081b00000, 0x0000000081b00000|100%| O|  |TAMS 0x0000000081b00000, 0x0000000081a00000| Updating 
|  27|0x0000000081b00000, 0x0000000081c00000, 0x0000000081c00000|100%| O|  |TAMS 0x0000000081c00000, 0x0000000081b00000| Updating 
|  28|0x0000000081c00000, 0x0000000081d00000, 0x0000000081d00000|100%|HS|  |TAMS 0x0000000081d00000, 0x0000000081c00000| Complete 
|  29|0x0000000081d00000, 0x0000000081e00000, 0x0000000081e00000|100%| O|  |TAMS 0x0000000081e00000, 0x0000000081d00000| Updating 
|  30|0x0000000081e00000, 0x0000000081f00000, 0x0000000081f00000|100%| O|  |TAMS 0x0000000081f00000, 0x0000000081e00000| Updating 
|  31|0x0000000081f00000, 0x0000000082000000, 0x0000000082000000|100%| O|  |TAMS 0x0000000082000000, 0x0000000081f00000| Updating 
|  32|0x0000000082000000, 0x0000000082100000, 0x0000000082100000|100%| O|  |TAMS 0x0000000082100000, 0x0000000082000000| Updating 
|  33|0x0000000082100000, 0x0000000082200000, 0x0000000082200000|100%| O|  |TAMS 0x0000000082200000, 0x0000000082100000| Updating 
|  34|0x0000000082200000, 0x0000000082300000, 0x0000000082300000|100%|HS|  |TAMS 0x0000000082300000, 0x0000000082200000| Complete 
|  35|0x0000000082300000, 0x0000000082400000, 0x0000000082400000|100%|HC|  |TAMS 0x0000000082400000, 0x0000000082300000| Complete 
|  36|0x0000000082400000, 0x0000000082500000, 0x0000000082500000|100%|HC|  |TAMS 0x0000000082500000, 0x0000000082400000| Complete 
|  37|0x0000000082500000, 0x0000000082600000, 0x0000000082600000|100%| O|  |TAMS 0x0000000082600000, 0x0000000082500000| Updating 
|  38|0x0000000082600000, 0x0000000082700000, 0x0000000082700000|100%| O|  |TAMS 0x0000000082700000, 0x0000000082600000| Updating 
|  39|0x0000000082700000, 0x0000000082800000, 0x0000000082800000|100%| O|  |TAMS 0x0000000082800000, 0x0000000082700000| Updating 
|  40|0x0000000082800000, 0x0000000082900000, 0x0000000082900000|100%|HS|  |TAMS 0x0000000082900000, 0x0000000082800000| Complete 
|  41|0x0000000082900000, 0x0000000082a00000, 0x0000000082a00000|100%|HC|  |TAMS 0x0000000082a00000, 0x0000000082900000| Complete 
|  42|0x0000000082a00000, 0x0000000082b00000, 0x0000000082b00000|100%| O|  |TAMS 0x0000000082b00000, 0x0000000082a00000| Updating 
|  43|0x0000000082b00000, 0x0000000082c00000, 0x0000000082c00000|100%| O|  |TAMS 0x0000000082c00000, 0x0000000082b00000| Updating 
|  44|0x0000000082c00000, 0x0000000082d00000, 0x0000000082d00000|100%| O|  |TAMS 0x0000000082d00000, 0x0000000082c00000| Updating 
|  45|0x0000000082d00000, 0x0000000082e00000, 0x0000000082e00000|100%| O|  |TAMS 0x0000000082e00000, 0x0000000082d00000| Updating 
|  46|0x0000000082e00000, 0x0000000082f00000, 0x0000000082f00000|100%| O|  |TAMS 0x0000000082f00000, 0x0000000082e00000| Updating 
|  47|0x0000000082f00000, 0x0000000083000000, 0x0000000083000000|100%| O|  |TAMS 0x0000000083000000, 0x0000000082f00000| Updating 
|  48|0x0000000083000000, 0x00000000830ffff8, 0x0000000083100000| 99%| O|  |TAMS 0x00000000830ffff8, 0x0000000083000000| Updating 
|  49|0x0000000083100000, 0x0000000083200000, 0x0000000083200000|100%| O|  |TAMS 0x0000000083200000, 0x0000000083100000| Updating 
|  50|0x0000000083200000, 0x0000000083300000, 0x0000000083300000|100%| O|  |TAMS 0x0000000083300000, 0x0000000083200000| Updating 
|  51|0x0000000083300000, 0x0000000083400000, 0x0000000083400000|100%| O|  |TAMS 0x0000000083400000, 0x0000000083300000| Updating 
|  52|0x0000000083400000, 0x0000000083500000, 0x0000000083500000|100%| O|  |TAMS 0x0000000083500000, 0x0000000083400000| Updating 
|  53|0x0000000083500000, 0x0000000083600000, 0x0000000083600000|100%| O|  |TAMS 0x0000000083600000, 0x0000000083500000| Updating 
|  54|0x0000000083600000, 0x0000000083700000, 0x0000000083700000|100%| O|  |TAMS 0x0000000083700000, 0x0000000083600000| Updating 
|  55|0x0000000083700000, 0x0000000083800000, 0x0000000083800000|100%| O|  |TAMS 0x0000000083800000, 0x0000000083700000| Updating 
|  56|0x0000000083800000, 0x0000000083900000, 0x0000000083900000|100%| O|  |TAMS 0x0000000083900000, 0x0000000083800000| Updating 
|  57|0x0000000083900000, 0x0000000083a00000, 0x0000000083a00000|100%| O|  |TAMS 0x0000000083a00000, 0x0000000083900000| Updating 
|  58|0x0000000083a00000, 0x0000000083b00000, 0x0000000083b00000|100%| O|  |TAMS 0x0000000083b00000, 0x0000000083a00000| Updating 
|  59|0x0000000083b00000, 0x0000000083c00000, 0x0000000083c00000|100%| O|  |TAMS 0x0000000083c00000, 0x0000000083b00000| Updating 
|  60|0x0000000083c00000, 0x0000000083d00000, 0x0000000083d00000|100%| O|  |TAMS 0x0000000083d00000, 0x0000000083c00000| Updating 
|  61|0x0000000083d00000, 0x0000000083e00000, 0x0000000083e00000|100%| O|  |TAMS 0x0000000083e00000, 0x0000000083d00000| Updating 
|  62|0x0000000083e00000, 0x0000000083f00000, 0x0000000083f00000|100%| O|  |TAMS 0x0000000083f00000, 0x0000000083e00000| Updating 
|  63|0x0000000083f00000, 0x0000000084000000, 0x0000000084000000|100%| O|  |TAMS 0x0000000084000000, 0x0000000083f00000| Updating 
|  64|0x0000000084000000, 0x0000000084100000, 0x0000000084100000|100%| O|  |TAMS 0x0000000084100000, 0x0000000084000000| Updating 
|  65|0x0000000084100000, 0x0000000084200000, 0x0000000084200000|100%| O|  |TAMS 0x0000000084200000, 0x0000000084100000| Updating 
|  66|0x0000000084200000, 0x0000000084300000, 0x0000000084300000|100%| O|  |TAMS 0x0000000084300000, 0x0000000084200000| Updating 
|  67|0x0000000084300000, 0x0000000084400000, 0x0000000084400000|100%| O|  |TAMS 0x0000000084400000, 0x0000000084300000| Updating 
|  68|0x0000000084400000, 0x0000000084500000, 0x0000000084500000|100%| O|  |TAMS 0x0000000084500000, 0x0000000084400000| Updating 
|  69|0x0000000084500000, 0x0000000084600000, 0x0000000084600000|100%| O|  |TAMS 0x0000000084600000, 0x0000000084500000| Updating 
|  70|0x0000000084600000, 0x0000000084700000, 0x0000000084700000|100%| O|  |TAMS 0x0000000084700000, 0x0000000084600000| Updating 
|  71|0x0000000084700000, 0x0000000084800000, 0x0000000084800000|100%| O|  |TAMS 0x0000000084800000, 0x0000000084700000| Updating 
|  72|0x0000000084800000, 0x0000000084900000, 0x0000000084900000|100%| O|  |TAMS 0x0000000084900000, 0x0000000084800000| Updating 
|  73|0x0000000084900000, 0x0000000084a00000, 0x0000000084a00000|100%| O|  |TAMS 0x0000000084a00000, 0x0000000084900000| Updating 
|  74|0x0000000084a00000, 0x0000000084b00000, 0x0000000084b00000|100%| O|  |TAMS 0x0000000084b00000, 0x0000000084a00000| Updating 
|  75|0x0000000084b00000, 0x0000000084c00000, 0x0000000084c00000|100%| O|  |TAMS 0x0000000084c00000, 0x0000000084b00000| Updating 
|  76|0x0000000084c00000, 0x0000000084d00000, 0x0000000084d00000|100%| O|  |TAMS 0x0000000084d00000, 0x0000000084c00000| Updating 
|  77|0x0000000084d00000, 0x0000000084e00000, 0x0000000084e00000|100%| O|  |TAMS 0x0000000084e00000, 0x0000000084d00000| Updating 
|  78|0x0000000084e00000, 0x0000000084f00000, 0x0000000084f00000|100%| O|  |TAMS 0x0000000084f00000, 0x0000000084e00000| Updating 
|  79|0x0000000084f00000, 0x0000000085000000, 0x0000000085000000|100%| O|  |TAMS 0x0000000085000000, 0x0000000084f00000| Updating 
|  80|0x0000000085000000, 0x0000000085100000, 0x0000000085100000|100%| O|  |TAMS 0x0000000085100000, 0x0000000085000000| Updating 
|  81|0x0000000085100000, 0x0000000085200000, 0x0000000085200000|100%| O|  |TAMS 0x0000000085200000, 0x0000000085100000| Updating 
|  82|0x0000000085200000, 0x0000000085300000, 0x0000000085300000|100%|HS|  |TAMS 0x0000000085300000, 0x0000000085200000| Complete 
|  83|0x0000000085300000, 0x0000000085400000, 0x0000000085400000|100%|HC|  |TAMS 0x0000000085400000, 0x0000000085300000| Complete 
|  84|0x0000000085400000, 0x0000000085500000, 0x0000000085500000|100%|HC|  |TAMS 0x0000000085500000, 0x0000000085400000| Complete 
|  85|0x0000000085500000, 0x0000000085600000, 0x0000000085600000|100%| O|  |TAMS 0x0000000085600000, 0x0000000085500000| Updating 
|  86|0x0000000085600000, 0x0000000085700000, 0x0000000085700000|100%| O|  |TAMS 0x0000000085700000, 0x0000000085600000| Updating 
|  87|0x0000000085700000, 0x0000000085800000, 0x0000000085800000|100%| O|  |TAMS 0x0000000085800000, 0x0000000085700000| Updating 
|  88|0x0000000085800000, 0x0000000085900000, 0x0000000085900000|100%| O|  |TAMS 0x0000000085900000, 0x0000000085800000| Updating 
|  89|0x0000000085900000, 0x0000000085a00000, 0x0000000085a00000|100%|HS|  |TAMS 0x0000000085a00000, 0x0000000085900000| Complete 
|  90|0x0000000085a00000, 0x0000000085b00000, 0x0000000085b00000|100%|HC|  |TAMS 0x0000000085b00000, 0x0000000085a00000| Complete 
|  91|0x0000000085b00000, 0x0000000085c00000, 0x0000000085c00000|100%|HS|  |TAMS 0x0000000085c00000, 0x0000000085b00000| Complete 
|  92|0x0000000085c00000, 0x0000000085d00000, 0x0000000085d00000|100%|HC|  |TAMS 0x0000000085d00000, 0x0000000085c00000| Complete 
|  93|0x0000000085d00000, 0x0000000085e00000, 0x0000000085e00000|100%| O|  |TAMS 0x0000000085e00000, 0x0000000085d00000| Updating 
|  94|0x0000000085e00000, 0x0000000085f00000, 0x0000000085f00000|100%| O|  |TAMS 0x0000000085f00000, 0x0000000085e00000| Updating 
|  95|0x0000000085f00000, 0x0000000086000000, 0x0000000086000000|100%| O|  |TAMS 0x0000000086000000, 0x0000000085f00000| Updating 
|  96|0x0000000086000000, 0x0000000086100000, 0x0000000086100000|100%| O|  |TAMS 0x0000000086100000, 0x0000000086000000| Updating 
|  97|0x0000000086100000, 0x0000000086200000, 0x0000000086200000|100%| O|  |TAMS 0x0000000086200000, 0x0000000086100000| Updating 
|  98|0x0000000086200000, 0x0000000086300000, 0x0000000086300000|100%| O|  |TAMS 0x0000000086300000, 0x0000000086200000| Updating 
|  99|0x0000000086300000, 0x0000000086400000, 0x0000000086400000|100%| O|  |TAMS 0x0000000086400000, 0x0000000086300000| Updating 
| 100|0x0000000086400000, 0x0000000086500000, 0x0000000086500000|100%| O|  |TAMS 0x0000000086500000, 0x0000000086400000| Updating 
| 101|0x0000000086500000, 0x0000000086600000, 0x0000000086600000|100%| O|  |TAMS 0x0000000086600000, 0x0000000086500000| Updating 
| 102|0x0000000086600000, 0x0000000086700000, 0x0000000086700000|100%| O|  |TAMS 0x0000000086700000, 0x0000000086600000| Updating 
| 103|0x0000000086700000, 0x0000000086800000, 0x0000000086800000|100%| O|  |TAMS 0x0000000086800000, 0x0000000086700000| Updating 
| 104|0x0000000086800000, 0x0000000086900000, 0x0000000086900000|100%| O|  |TAMS 0x0000000086900000, 0x0000000086800000| Updating 
| 105|0x0000000086900000, 0x0000000086a00000, 0x0000000086a00000|100%| O|  |TAMS 0x0000000086a00000, 0x0000000086900000| Updating 
| 106|0x0000000086a00000, 0x0000000086b00000, 0x0000000086b00000|100%| O|  |TAMS 0x0000000086b00000, 0x0000000086a00000| Updating 
| 107|0x0000000086b00000, 0x0000000086c00000, 0x0000000086c00000|100%| O|  |TAMS 0x0000000086c00000, 0x0000000086b00000| Updating 
| 108|0x0000000086c00000, 0x0000000086d00000, 0x0000000086d00000|100%| O|  |TAMS 0x0000000086d00000, 0x0000000086c00000| Updating 
| 109|0x0000000086d00000, 0x0000000086e00000, 0x0000000086e00000|100%| O|  |TAMS 0x0000000086e00000, 0x0000000086d00000| Updating 
| 110|0x0000000086e00000, 0x0000000086f00000, 0x0000000086f00000|100%| O|  |TAMS 0x0000000086f00000, 0x0000000086e00000| Updating 
| 111|0x0000000086f00000, 0x0000000087000000, 0x0000000087000000|100%| O|  |TAMS 0x0000000087000000, 0x0000000086f00000| Updating 
| 112|0x0000000087000000, 0x0000000087100000, 0x0000000087100000|100%| O|  |TAMS 0x0000000087100000, 0x0000000087000000| Updating 
| 113|0x0000000087100000, 0x0000000087200000, 0x0000000087200000|100%| O|  |TAMS 0x0000000087200000, 0x0000000087100000| Updating 
| 114|0x0000000087200000, 0x0000000087300000, 0x0000000087300000|100%| O|  |TAMS 0x0000000087300000, 0x0000000087200000| Updating 
| 115|0x0000000087300000, 0x0000000087400000, 0x0000000087400000|100%| O|  |TAMS 0x0000000087400000, 0x0000000087300000| Updating 
| 116|0x0000000087400000, 0x0000000087500000, 0x0000000087500000|100%| O|  |TAMS 0x0000000087500000, 0x0000000087400000| Updating 
| 117|0x0000000087500000, 0x0000000087600000, 0x0000000087600000|100%| O|  |TAMS 0x0000000087600000, 0x0000000087500000| Updating 
| 118|0x0000000087600000, 0x0000000087700000, 0x0000000087700000|100%| O|  |TAMS 0x0000000087700000, 0x0000000087600000| Updating 
| 119|0x0000000087700000, 0x0000000087800000, 0x0000000087800000|100%| O|  |TAMS 0x0000000087800000, 0x0000000087700000| Updating 
| 120|0x0000000087800000, 0x0000000087900000, 0x0000000087900000|100%| O|  |TAMS 0x0000000087900000, 0x0000000087800000| Updating 
| 121|0x0000000087900000, 0x0000000087a00000, 0x0000000087a00000|100%| O|  |TAMS 0x0000000087a00000, 0x0000000087900000| Updating 
| 122|0x0000000087a00000, 0x0000000087b00000, 0x0000000087b00000|100%| O|  |TAMS 0x0000000087b00000, 0x0000000087a00000| Updating 
| 123|0x0000000087b00000, 0x0000000087c00000, 0x0000000087c00000|100%| O|  |TAMS 0x0000000087c00000, 0x0000000087b00000| Updating 
| 124|0x0000000087c00000, 0x0000000087d00000, 0x0000000087d00000|100%| O|  |TAMS 0x0000000087d00000, 0x0000000087c00000| Updating 
| 125|0x0000000087d00000, 0x0000000087e00000, 0x0000000087e00000|100%| O|  |TAMS 0x0000000087e00000, 0x0000000087d00000| Updating 
| 126|0x0000000087e00000, 0x0000000087f00000, 0x0000000087f00000|100%| O|  |TAMS 0x0000000087f00000, 0x0000000087e00000| Updating 
| 127|0x0000000087f00000, 0x0000000088000000, 0x0000000088000000|100%| O|  |TAMS 0x0000000088000000, 0x0000000087f00000| Updating 
| 128|0x0000000088000000, 0x0000000088100000, 0x0000000088100000|100%| O|  |TAMS 0x0000000088100000, 0x0000000088000000| Updating 
| 129|0x0000000088100000, 0x0000000088200000, 0x0000000088200000|100%| O|  |TAMS 0x0000000088200000, 0x0000000088100000| Updating 
| 130|0x0000000088200000, 0x0000000088300000, 0x0000000088300000|100%| O|  |TAMS 0x0000000088300000, 0x0000000088200000| Updating 
| 131|0x0000000088300000, 0x0000000088400000, 0x0000000088400000|100%| O|  |TAMS 0x0000000088400000, 0x0000000088300000| Updating 
| 132|0x0000000088400000, 0x0000000088500000, 0x0000000088500000|100%| O|  |TAMS 0x0000000088500000, 0x0000000088400000| Updating 
| 133|0x0000000088500000, 0x0000000088600000, 0x0000000088600000|100%| O|  |TAMS 0x0000000088600000, 0x0000000088500000| Updating 
| 134|0x0000000088600000, 0x0000000088700000, 0x0000000088700000|100%| O|  |TAMS 0x0000000088700000, 0x0000000088600000| Updating 
| 135|0x0000000088700000, 0x0000000088800000, 0x0000000088800000|100%| O|  |TAMS 0x0000000088800000, 0x0000000088700000| Updating 
| 136|0x0000000088800000, 0x0000000088900000, 0x0000000088900000|100%| O|  |TAMS 0x0000000088900000, 0x0000000088800000| Updating 
| 137|0x0000000088900000, 0x0000000088a00000, 0x0000000088a00000|100%| O|  |TAMS 0x0000000088a00000, 0x0000000088900000| Updating 
| 138|0x0000000088a00000, 0x0000000088b00000, 0x0000000088b00000|100%| O|  |TAMS 0x0000000088b00000, 0x0000000088a00000| Updating 
| 139|0x0000000088b00000, 0x0000000088c00000, 0x0000000088c00000|100%| O|  |TAMS 0x0000000088c00000, 0x0000000088b00000| Updating 
| 140|0x0000000088c00000, 0x0000000088d00000, 0x0000000088d00000|100%| O|  |TAMS 0x0000000088d00000, 0x0000000088c00000| Updating 
| 141|0x0000000088d00000, 0x0000000088e00000, 0x0000000088e00000|100%| O|  |TAMS 0x0000000088e00000, 0x0000000088d00000| Updating 
| 142|0x0000000088e00000, 0x0000000088f00000, 0x0000000088f00000|100%| O|  |TAMS 0x0000000088f00000, 0x0000000088e00000| Updating 
| 143|0x0000000088f00000, 0x0000000089000000, 0x0000000089000000|100%| O|  |TAMS 0x0000000089000000, 0x0000000088f00000| Updating 
| 144|0x0000000089000000, 0x0000000089100000, 0x0000000089100000|100%| O|  |TAMS 0x0000000089100000, 0x0000000089000000| Updating 
| 145|0x0000000089100000, 0x0000000089200000, 0x0000000089200000|100%| O|  |TAMS 0x0000000089200000, 0x0000000089100000| Updating 
| 146|0x0000000089200000, 0x0000000089300000, 0x0000000089300000|100%| O|  |TAMS 0x0000000089300000, 0x0000000089200000| Updating 
| 147|0x0000000089300000, 0x0000000089400000, 0x0000000089400000|100%| O|  |TAMS 0x0000000089400000, 0x0000000089300000| Updating 
| 148|0x0000000089400000, 0x0000000089500000, 0x0000000089500000|100%| O|  |TAMS 0x0000000089500000, 0x0000000089400000| Updating 
| 149|0x0000000089500000, 0x0000000089600000, 0x0000000089600000|100%| O|  |TAMS 0x0000000089600000, 0x0000000089500000| Updating 
| 150|0x0000000089600000, 0x0000000089700000, 0x0000000089700000|100%| O|  |TAMS 0x0000000089700000, 0x0000000089600000| Updating 
| 151|0x0000000089700000, 0x0000000089800000, 0x0000000089800000|100%| O|  |TAMS 0x0000000089800000, 0x0000000089700000| Updating 
| 152|0x0000000089800000, 0x0000000089900000, 0x0000000089900000|100%| O|  |TAMS 0x0000000089900000, 0x0000000089800000| Updating 
| 153|0x0000000089900000, 0x0000000089a00000, 0x0000000089a00000|100%| O|  |TAMS 0x0000000089a00000, 0x0000000089900000| Updating 
| 154|0x0000000089a00000, 0x0000000089b00000, 0x0000000089b00000|100%| O|  |TAMS 0x0000000089b00000, 0x0000000089a00000| Updating 
| 155|0x0000000089b00000, 0x0000000089c00000, 0x0000000089c00000|100%| O|  |TAMS 0x0000000089c00000, 0x0000000089b00000| Updating 
| 156|0x0000000089c00000, 0x0000000089d00000, 0x0000000089d00000|100%| O|  |TAMS 0x0000000089d00000, 0x0000000089c00000| Updating 
| 157|0x0000000089d00000, 0x0000000089e00000, 0x0000000089e00000|100%| O|  |TAMS 0x0000000089e00000, 0x0000000089d00000| Updating 
| 158|0x0000000089e00000, 0x0000000089f00000, 0x0000000089f00000|100%| O|  |TAMS 0x0000000089f00000, 0x0000000089e00000| Updating 
| 159|0x0000000089f00000, 0x000000008a000000, 0x000000008a000000|100%| O|  |TAMS 0x000000008a000000, 0x0000000089f00000| Updating 
| 160|0x000000008a000000, 0x000000008a100000, 0x000000008a100000|100%| O|  |TAMS 0x000000008a100000, 0x000000008a000000| Updating 
| 161|0x000000008a100000, 0x000000008a200000, 0x000000008a200000|100%| O|  |TAMS 0x000000008a200000, 0x000000008a100000| Updating 
| 162|0x000000008a200000, 0x000000008a300000, 0x000000008a300000|100%| O|  |TAMS 0x000000008a300000, 0x000000008a200000| Updating 
| 163|0x000000008a300000, 0x000000008a400000, 0x000000008a400000|100%| O|  |TAMS 0x000000008a400000, 0x000000008a300000| Updating 
| 164|0x000000008a400000, 0x000000008a500000, 0x000000008a500000|100%| O|  |TAMS 0x000000008a500000, 0x000000008a400000| Updating 
| 165|0x000000008a500000, 0x000000008a600000, 0x000000008a600000|100%| O|  |TAMS 0x000000008a600000, 0x000000008a500000| Updating 
| 166|0x000000008a600000, 0x000000008a700000, 0x000000008a700000|100%| O|  |TAMS 0x000000008a700000, 0x000000008a600000| Updating 
| 167|0x000000008a700000, 0x000000008a800000, 0x000000008a800000|100%| O|  |TAMS 0x000000008a800000, 0x000000008a700000| Updating 
| 168|0x000000008a800000, 0x000000008a900000, 0x000000008a900000|100%| O|  |TAMS 0x000000008a900000, 0x000000008a800000| Updating 
| 169|0x000000008a900000, 0x000000008aa00000, 0x000000008aa00000|100%| O|  |TAMS 0x000000008aa00000, 0x000000008a900000| Updating 
| 170|0x000000008aa00000, 0x000000008ab00000, 0x000000008ab00000|100%| O|  |TAMS 0x000000008ab00000, 0x000000008aa00000| Updating 
| 171|0x000000008ab00000, 0x000000008ac00000, 0x000000008ac00000|100%| O|  |TAMS 0x000000008ac00000, 0x000000008ab00000| Updating 
| 172|0x000000008ac00000, 0x000000008ad00000, 0x000000008ad00000|100%| O|  |TAMS 0x000000008ad00000, 0x000000008ac00000| Updating 
| 173|0x000000008ad00000, 0x000000008ae00000, 0x000000008ae00000|100%| O|  |TAMS 0x000000008ae00000, 0x000000008ad00000| Updating 
| 174|0x000000008ae00000, 0x000000008af00000, 0x000000008af00000|100%| O|  |TAMS 0x000000008af00000, 0x000000008ae00000| Updating 
| 175|0x000000008af00000, 0x000000008b000000, 0x000000008b000000|100%| O|  |TAMS 0x000000008b000000, 0x000000008af00000| Updating 
| 176|0x000000008b000000, 0x000000008b100000, 0x000000008b100000|100%| O|  |TAMS 0x000000008b100000, 0x000000008b000000| Updating 
| 177|0x000000008b100000, 0x000000008b200000, 0x000000008b200000|100%| O|  |TAMS 0x000000008b200000, 0x000000008b100000| Updating 
| 178|0x000000008b200000, 0x000000008b300000, 0x000000008b300000|100%| O|  |TAMS 0x000000008b300000, 0x000000008b200000| Updating 
| 179|0x000000008b300000, 0x000000008b400000, 0x000000008b400000|100%| O|  |TAMS 0x000000008b400000, 0x000000008b300000| Updating 
| 180|0x000000008b400000, 0x000000008b500000, 0x000000008b500000|100%| O|  |TAMS 0x000000008b500000, 0x000000008b400000| Updating 
| 181|0x000000008b500000, 0x000000008b600000, 0x000000008b600000|100%| O|  |TAMS 0x000000008b600000, 0x000000008b500000| Updating 
| 182|0x000000008b600000, 0x000000008b700000, 0x000000008b700000|100%| O|  |TAMS 0x000000008b700000, 0x000000008b600000| Updating 
| 183|0x000000008b700000, 0x000000008b800000, 0x000000008b800000|100%| O|  |TAMS 0x000000008b800000, 0x000000008b700000| Updating 
| 184|0x000000008b800000, 0x000000008b900000, 0x000000008b900000|100%| O|  |TAMS 0x000000008b900000, 0x000000008b800000| Updating 
| 185|0x000000008b900000, 0x000000008ba00000, 0x000000008ba00000|100%| O|  |TAMS 0x000000008ba00000, 0x000000008b900000| Updating 
| 186|0x000000008ba00000, 0x000000008bb00000, 0x000000008bb00000|100%| O|  |TAMS 0x000000008bb00000, 0x000000008ba00000| Updating 
| 187|0x000000008bb00000, 0x000000008bc00000, 0x000000008bc00000|100%| O|  |TAMS 0x000000008bc00000, 0x000000008bb00000| Updating 
| 188|0x000000008bc00000, 0x000000008bd00000, 0x000000008bd00000|100%| O|  |TAMS 0x000000008bd00000, 0x000000008bc00000| Updating 
| 189|0x000000008bd00000, 0x000000008be00000, 0x000000008be00000|100%| O|  |TAMS 0x000000008be00000, 0x000000008bd00000| Updating 
| 190|0x000000008be00000, 0x000000008bf00000, 0x000000008bf00000|100%| O|  |TAMS 0x000000008bf00000, 0x000000008be00000| Updating 
| 191|0x000000008bf00000, 0x000000008c000000, 0x000000008c000000|100%| O|  |TAMS 0x000000008c000000, 0x000000008bf00000| Updating 
| 192|0x000000008c000000, 0x000000008c100000, 0x000000008c100000|100%| O|  |TAMS 0x000000008c100000, 0x000000008c000000| Updating 
| 193|0x000000008c100000, 0x000000008c200000, 0x000000008c200000|100%| O|  |TAMS 0x000000008c200000, 0x000000008c100000| Updating 
| 194|0x000000008c200000, 0x000000008c300000, 0x000000008c300000|100%| O|  |TAMS 0x000000008c27c200, 0x000000008c200000| Updating 
| 195|0x000000008c300000, 0x000000008c400000, 0x000000008c400000|100%| O|  |TAMS 0x000000008c300000, 0x000000008c300000| Untracked 
| 196|0x000000008c400000, 0x000000008c500000, 0x000000008c500000|100%| O|  |TAMS 0x000000008c400000, 0x000000008c400000| Untracked 
| 197|0x000000008c500000, 0x000000008c600000, 0x000000008c600000|100%| O|  |TAMS 0x000000008c500000, 0x000000008c500000| Untracked 
| 198|0x000000008c600000, 0x000000008c700000, 0x000000008c700000|100%| O|  |TAMS 0x000000008c600000, 0x000000008c600000| Untracked 
| 199|0x000000008c700000, 0x000000008c800000, 0x000000008c800000|100%| O|  |TAMS 0x000000008c700000, 0x000000008c700000| Untracked 
| 200|0x000000008c800000, 0x000000008c900000, 0x000000008c900000|100%| O|  |TAMS 0x000000008c800000, 0x000000008c800000| Untracked 
| 201|0x000000008c900000, 0x000000008ca00000, 0x000000008ca00000|100%| O|  |TAMS 0x000000008c900000, 0x000000008c900000| Untracked 
| 202|0x000000008ca00000, 0x000000008cb00000, 0x000000008cb00000|100%| O|  |TAMS 0x000000008ca00000, 0x000000008ca00000| Untracked 
| 203|0x000000008cb00000, 0x000000008cc00000, 0x000000008cc00000|100%| O|  |TAMS 0x000000008cb00000, 0x000000008cb00000| Untracked 
| 204|0x000000008cc00000, 0x000000008cd00000, 0x000000008cd00000|100%| O|  |TAMS 0x000000008cc00000, 0x000000008cc00000| Untracked 
| 205|0x000000008cd00000, 0x000000008ce00000, 0x000000008ce00000|100%| O|  |TAMS 0x000000008cd00000, 0x000000008cd00000| Untracked 
| 206|0x000000008ce00000, 0x000000008cf00000, 0x000000008cf00000|100%| O|  |TAMS 0x000000008ce00000, 0x000000008ce00000| Untracked 
| 207|0x000000008cf00000, 0x000000008d000000, 0x000000008d000000|100%| O|  |TAMS 0x000000008cf00000, 0x000000008cf00000| Untracked 
| 208|0x000000008d000000, 0x000000008d100000, 0x000000008d100000|100%| O|  |TAMS 0x000000008d000000, 0x000000008d000000| Untracked 
| 209|0x000000008d100000, 0x000000008d200000, 0x000000008d200000|100%| O|  |TAMS 0x000000008d100000, 0x000000008d100000| Untracked 
| 210|0x000000008d200000, 0x000000008d300000, 0x000000008d300000|100%| O|  |TAMS 0x000000008d200000, 0x000000008d200000| Updating 
| 211|0x000000008d300000, 0x000000008d400000, 0x000000008d400000|100%| O|  |TAMS 0x000000008d300000, 0x000000008d300000| Untracked 
| 212|0x000000008d400000, 0x000000008d500000, 0x000000008d500000|100%| O|  |TAMS 0x000000008d400000, 0x000000008d400000| Untracked 
| 213|0x000000008d500000, 0x000000008d55c400, 0x000000008d600000| 36%| O|  |TAMS 0x000000008d500000, 0x000000008d500000| Untracked 
| 214|0x000000008d600000, 0x000000008d600000, 0x000000008d700000|  0%| F|  |TAMS 0x000000008d600000, 0x000000008d600000| Untracked 
| 215|0x000000008d700000, 0x000000008d700000, 0x000000008d800000|  0%| F|  |TAMS 0x000000008d700000, 0x000000008d700000| Untracked 
| 216|0x000000008d800000, 0x000000008d800000, 0x000000008d900000|  0%| F|  |TAMS 0x000000008d800000, 0x000000008d800000| Untracked 
| 217|0x000000008d900000, 0x000000008d900000, 0x000000008da00000|  0%| F|  |TAMS 0x000000008d900000, 0x000000008d900000| Untracked 
| 218|0x000000008da00000, 0x000000008da00000, 0x000000008db00000|  0%| F|  |TAMS 0x000000008da00000, 0x000000008da00000| Untracked 
| 219|0x000000008db00000, 0x000000008db00000, 0x000000008dc00000|  0%| F|  |TAMS 0x000000008db00000, 0x000000008db00000| Untracked 
| 220|0x000000008dc00000, 0x000000008dc00000, 0x000000008dd00000|  0%| F|  |TAMS 0x000000008dc00000, 0x000000008dc00000| Untracked 
| 221|0x000000008dd00000, 0x000000008dd00000, 0x000000008de00000|  0%| F|  |TAMS 0x000000008dd00000, 0x000000008dd00000| Untracked 
| 222|0x000000008de00000, 0x000000008de00000, 0x000000008df00000|  0%| F|  |TAMS 0x000000008de00000, 0x000000008de00000| Untracked 
| 223|0x000000008df00000, 0x000000008df00000, 0x000000008e000000|  0%| F|  |TAMS 0x000000008df00000, 0x000000008df00000| Untracked 
| 224|0x000000008e000000, 0x000000008e000000, 0x000000008e100000|  0%| F|  |TAMS 0x000000008e000000, 0x000000008e000000| Untracked 
| 225|0x000000008e100000, 0x000000008e100000, 0x000000008e200000|  0%| F|  |TAMS 0x000000008e100000, 0x000000008e100000| Untracked 
| 226|0x000000008e200000, 0x000000008e200000, 0x000000008e300000|  0%| F|  |TAMS 0x000000008e200000, 0x000000008e200000| Untracked 
| 227|0x000000008e300000, 0x000000008e300000, 0x000000008e400000|  0%| F|  |TAMS 0x000000008e300000, 0x000000008e300000| Untracked 
| 228|0x000000008e400000, 0x000000008e400000, 0x000000008e500000|  0%| F|  |TAMS 0x000000008e400000, 0x000000008e400000| Untracked 
| 229|0x000000008e500000, 0x000000008e500000, 0x000000008e600000|  0%| F|  |TAMS 0x000000008e500000, 0x000000008e500000| Untracked 
| 230|0x000000008e600000, 0x000000008e600000, 0x000000008e700000|  0%| F|  |TAMS 0x000000008e600000, 0x000000008e600000| Untracked 
| 231|0x000000008e700000, 0x000000008e700000, 0x000000008e800000|  0%| F|  |TAMS 0x000000008e700000, 0x000000008e700000| Untracked 
| 232|0x000000008e800000, 0x000000008e800000, 0x000000008e900000|  0%| F|  |TAMS 0x000000008e800000, 0x000000008e800000| Untracked 
| 233|0x000000008e900000, 0x000000008e900000, 0x000000008ea00000|  0%| F|  |TAMS 0x000000008e900000, 0x000000008e900000| Untracked 
| 234|0x000000008ea00000, 0x000000008ea00000, 0x000000008eb00000|  0%| F|  |TAMS 0x000000008ea00000, 0x000000008ea00000| Untracked 
| 235|0x000000008eb00000, 0x000000008ebbf748, 0x000000008ec00000| 74%| S|CS|TAMS 0x000000008eb00000, 0x000000008eb00000| Complete 
| 236|0x000000008ec00000, 0x000000008ed00000, 0x000000008ed00000|100%| S|CS|TAMS 0x000000008ec00000, 0x000000008ec00000| Complete 
| 237|0x000000008ed00000, 0x000000008ed00000, 0x000000008ee00000|  0%| F|  |TAMS 0x000000008ed00000, 0x000000008ed00000| Untracked 
| 238|0x000000008ee00000, 0x000000008ee00000, 0x000000008ef00000|  0%| F|  |TAMS 0x000000008ee00000, 0x000000008ee00000| Untracked 
| 239|0x000000008ef00000, 0x000000008ef00000, 0x000000008f000000|  0%| F|  |TAMS 0x000000008ef00000, 0x000000008ef00000| Untracked 
| 240|0x000000008f000000, 0x000000008f000000, 0x000000008f100000|  0%| F|  |TAMS 0x000000008f000000, 0x000000008f000000| Untracked 
| 241|0x000000008f100000, 0x000000008f100000, 0x000000008f200000|  0%| F|  |TAMS 0x000000008f100000, 0x000000008f100000| Untracked 
| 242|0x000000008f200000, 0x000000008f200000, 0x000000008f300000|  0%| F|  |TAMS 0x000000008f200000, 0x000000008f200000| Untracked 
| 243|0x000000008f300000, 0x000000008f39e440, 0x000000008f400000| 61%| E|  |TAMS 0x000000008f300000, 0x000000008f300000| Complete 
| 244|0x000000008f400000, 0x000000008f500000, 0x000000008f500000|100%| E|CS|TAMS 0x000000008f400000, 0x000000008f400000| Complete 
| 245|0x000000008f500000, 0x000000008f600000, 0x000000008f600000|100%| E|CS|TAMS 0x000000008f500000, 0x000000008f500000| Complete 
| 246|0x000000008f600000, 0x000000008f700000, 0x000000008f700000|100%| E|CS|TAMS 0x000000008f600000, 0x000000008f600000| Complete 

Card table byte_map: [0x00000202d4a70000,0x00000202d4e70000] _byte_map_base: 0x00000202d4670000

Marking Bits (Prev, Next): (CMBitMap*) 0x00000202c19f1508, (CMBitMap*) 0x00000202c19f1540
 Prev Bits: [0x00000202d5270000, 0x00000202d7270000)
 Next Bits: [0x00000202d7270000, 0x00000202d9270000)

Polling page: 0x00000202bf910000

Metaspace:

Usage:
  Non-class:     96.89 MB capacity,    95.28 MB ( 98%) used,     1.33 MB (  1%) free+waste,   288.25 KB ( <1%) overhead. 
      Class:     14.62 MB capacity,    13.73 MB ( 94%) used,   782.50 KB (  5%) free+waste,   127.56 KB ( <1%) overhead. 
       Both:    111.51 MB capacity,   109.02 MB ( 98%) used,     2.09 MB (  2%) free+waste,   415.81 KB ( <1%) overhead. 

Virtual space:
  Non-class space:       98.00 MB reserved,      97.00 MB ( 99%) committed 
      Class space:        1.00 GB reserved,      14.63 MB (  1%) committed 
             Both:        1.10 GB reserved,     111.63 MB ( 10%) committed 

Chunk freelists:
   Non-Class:  47.00 KB
       Class:  5.00 KB
        Both:  52.00 KB

MaxMetaspaceSize: 17179869184.00 GB
CompressedClassSpaceSize: 1.00 GB

CodeHeap 'non-profiled nmethods': size=120000Kb used=7595Kb max_used=7602Kb free=112404Kb
 bounds [0x00000202cce00000, 0x00000202cd570000, 0x00000202d4330000]
CodeHeap 'profiled nmethods': size=120000Kb used=27790Kb max_used=27790Kb free=92209Kb
 bounds [0x00000202c58d0000, 0x00000202c7400000, 0x00000202cce00000]
CodeHeap 'non-nmethods': size=5760Kb used=2301Kb max_used=2345Kb free=3458Kb
 bounds [0x00000202c5330000, 0x00000202c55a0000, 0x00000202c58d0000]
 total_blobs=13457 nmethods=12541 adapters=827
 compilation: enabled
              stopped_count=0, restarted_count=0
 full_count=0

Compilation events (20 events):
Event: 143.791 Thread 0x00000202dbcb2000 nmethod 13053 0x00000202c73dbe90 code [0x00000202c73dc0e0, 0x00000202c73dc768]
Event: 143.791 Thread 0x00000202dbcb2000 13054       3       java.util.ArrayList$SubList::iterator (5 bytes)
Event: 143.792 Thread 0x00000202dbcb2000 nmethod 13054 0x00000202c73dca90 code [0x00000202c73dccc0, 0x00000202c73dd2d8]
Event: 143.792 Thread 0x00000202dbcb2000 13063       3       java.util.regex.Pattern$$Lambda$1099/0x0000000100e84840::is (5 bytes)
Event: 143.792 Thread 0x00000202dbcb2000 nmethod 13063 0x00000202c590e910 code [0x00000202c590eac0, 0x00000202c590ebe8]
Event: 143.792 Thread 0x00000202dbcb2000 13064       3       java.util.regex.Pattern::lambda$HorizWS$3 (74 bytes)
Event: 143.793 Thread 0x00000202dbcb2000 nmethod 13064 0x00000202c73dd590 code [0x00000202c73dd740, 0x00000202c73dda98]
Event: 143.793 Thread 0x00000202dbcb2000 13055       3       java.util.ArrayList$SubList::listIterator (19 bytes)
Event: 143.793 Thread 0x00000202dbcb2000 nmethod 13055 0x00000202c73ddb10 code [0x00000202c73ddd20, 0x00000202c73de218]
Event: 143.793 Thread 0x00000202dbcb2000 13056       3       java.util.ArrayList$SubList$1::<init> (39 bytes)
Event: 143.793 Thread 0x00000202dbcb2000 nmethod 13056 0x00000202c599a790 code [0x00000202c599a940, 0x00000202c599ab18]
Event: 143.845 Thread 0x00000202dbcb2000 13068       3       java.lang.AbstractStringBuilder::charAt (36 bytes)
Event: 143.846 Thread 0x00000202dbcb2000 nmethod 13068 0x00000202c73de490 code [0x00000202c73de680, 0x00000202c73dea98]
Event: 143.846 Thread 0x00000202dbcb2000 13067       3       java.lang.StringBuilder::charAt (6 bytes)
Event: 143.846 Thread 0x00000202dbcb2000 nmethod 13067 0x00000202c5938e10 code [0x00000202c5938fc0, 0x00000202c59390e8]
Event: 143.870 Thread 0x00000202dbcb2000 13070       3       com.sun.tools.javac.processing.JavacProcessingEnvironment$ProcessorState::annotationSupported (45 bytes)
Event: 143.871 Thread 0x00000202dbcb2000 nmethod 13070 0x00000202c73dec90 code [0x00000202c73deec0, 0x00000202c73df6e8]
Event: 143.872 Thread 0x00000202dbcb2000 13071       3       com.sun.tools.javac.code.Scope$CompoundScope::<init> (22 bytes)
Event: 143.873 Thread 0x00000202dbcb2000 nmethod 13071 0x00000202c73df990 code [0x00000202c73dfbc0, 0x00000202c73e0378]
Event: 143.873 Thread 0x00000202dbcb2000 13072       3       com.sun.tools.javac.comp.Resolve::findType (512 bytes)

GC Heap History (20 events):
Event: 124.233 GC heap before
{Heap before GC invocations=61 (full 0):
 garbage-first heap   total 252928K, used 199291K [0x0000000080000000, 0x0000000100000000)
  region size 1024K, 111 young (113664K), 11 survivors (11264K)
 Metaspace       used 95687K, capacity 98099K, committed 98176K, reserved 1134592K
  class space    used 12264K, capacity 13134K, committed 13184K, reserved 1048576K
}
Event: 124.343 GC heap after
{Heap after GC invocations=62 (full 0):
 garbage-first heap   total 252928K, used 100624K [0x0000000080000000, 0x0000000100000000)
  region size 1024K, 13 young (13312K), 13 survivors (13312K)
 Metaspace       used 95687K, capacity 98099K, committed 98176K, reserved 1134592K
  class space    used 12264K, capacity 13134K, committed 13184K, reserved 1048576K
}
Event: 133.038 GC heap before
{Heap before GC invocations=62 (full 0):
 garbage-first heap   total 252928K, used 206096K [0x0000000080000000, 0x0000000100000000)
  region size 1024K, 111 young (113664K), 13 survivors (13312K)
 Metaspace       used 104347K, capacity 106872K, committed 107136K, reserved 1142784K
  class space    used 13227K, capacity 14114K, committed 14208K, reserved 1048576K
}
Event: 133.289 GC heap after
{Heap after GC invocations=63 (full 0):
 garbage-first heap   total 252928K, used 134057K [0x0000000080000000, 0x0000000100000000)
  region size 1024K, 14 young (14336K), 14 survivors (14336K)
 Metaspace       used 104347K, capacity 106872K, committed 107136K, reserved 1142784K
  class space    used 13227K, capacity 14114K, committed 14208K, reserved 1048576K
}
Event: 136.056 GC heap before
{Heap before GC invocations=63 (full 0):
 garbage-first heap   total 252928K, used 186281K [0x0000000080000000, 0x0000000100000000)
  region size 1024K, 67 young (68608K), 14 survivors (14336K)
 Metaspace       used 106929K, capacity 109449K, committed 109568K, reserved 1144832K
  class space    used 13599K, capacity 14481K, committed 14592K, reserved 1048576K
}
Event: 136.683 GC heap after
{Heap after GC invocations=64 (full 0):
 garbage-first heap   total 252928K, used 163657K [0x0000000080000000, 0x0000000100000000)
  region size 1024K, 10 young (10240K), 10 survivors (10240K)
 Metaspace       used 106929K, capacity 109449K, committed 109568K, reserved 1144832K
  class space    used 13599K, capacity 14481K, committed 14592K, reserved 1048576K
}
Event: 137.006 GC heap before
{Heap before GC invocations=64 (full 0):
 garbage-first heap   total 252928K, used 169801K [0x0000000080000000, 0x0000000100000000)
  region size 1024K, 15 young (15360K), 10 survivors (10240K)
 Metaspace       used 108459K, capacity 110929K, committed 111232K, reserved 1146880K
  class space    used 13732K, capacity 14612K, committed 14720K, reserved 1048576K
}
Event: 137.030 GC heap after
{Heap after GC invocations=65 (full 0):
 garbage-first heap   total 252928K, used 167423K [0x0000000080000000, 0x0000000100000000)
  region size 1024K, 2 young (2048K), 2 survivors (2048K)
 Metaspace       used 108459K, capacity 110929K, committed 111232K, reserved 1146880K
  class space    used 13732K, capacity 14612K, committed 14720K, reserved 1048576K
}
Event: 140.352 GC heap before
{Heap before GC invocations=66 (full 0):
 garbage-first heap   total 252928K, used 198143K [0x0000000080000000, 0x0000000100000000)
  region size 1024K, 32 young (32768K), 2 survivors (2048K)
 Metaspace       used 109791K, capacity 112281K, committed 112640K, reserved 1146880K
  class space    used 13838K, capacity 14740K, committed 14848K, reserved 1048576K
}
Event: 140.401 GC heap after
{Heap after GC invocations=67 (full 0):
 garbage-first heap   total 252928K, used 180576K [0x0000000080000000, 0x0000000100000000)
  region size 1024K, 4 young (4096K), 4 survivors (4096K)
 Metaspace       used 109791K, capacity 112281K, committed 112640K, reserved 1146880K
  class space    used 13838K, capacity 14740K, committed 14848K, reserved 1048576K
}
Event: 140.618 GC heap before
{Heap before GC invocations=67 (full 0):
 garbage-first heap   total 252928K, used 187744K [0x0000000080000000, 0x0000000100000000)
  region size 1024K, 12 young (12288K), 4 survivors (4096K)
 Metaspace       used 109791K, capacity 112281K, committed 112640K, reserved 1146880K
  class space    used 13838K, capacity 14740K, committed 14848K, reserved 1048576K
}
Event: 140.648 GC heap after
{Heap after GC invocations=68 (full 0):
 garbage-first heap   total 252928K, used 188186K [0x0000000080000000, 0x0000000100000000)
  region size 1024K, 2 young (2048K), 2 survivors (2048K)
 Metaspace       used 109791K, capacity 112281K, committed 112640K, reserved 1146880K
  class space    used 13838K, capacity 14740K, committed 14848K, reserved 1048576K
}
Event: 140.733 GC heap before
{Heap before GC invocations=68 (full 0):
 garbage-first heap   total 252928K, used 204570K [0x0000000080000000, 0x0000000100000000)
  region size 1024K, 18 young (18432K), 2 survivors (2048K)
 Metaspace       used 109792K, capacity 112281K, committed 112640K, reserved 1146880K
  class space    used 13838K, capacity 14740K, committed 14848K, reserved 1048576K
}
Event: 140.774 GC heap after
{Heap after GC invocations=69 (full 0):
 garbage-first heap   total 252928K, used 202224K [0x0000000080000000, 0x0000000100000000)
  region size 1024K, 3 young (3072K), 3 survivors (3072K)
 Metaspace       used 109792K, capacity 112281K, committed 112640K, reserved 1146880K
  class space    used 13838K, capacity 14740K, committed 14848K, reserved 1048576K
}
Event: 140.810 GC heap before
{Heap before GC invocations=69 (full 0):
 garbage-first heap   total 252928K, used 211440K [0x0000000080000000, 0x0000000100000000)
  region size 1024K, 12 young (12288K), 3 survivors (3072K)
 Metaspace       used 109792K, capacity 112281K, committed 112640K, reserved 1146880K
  class space    used 13838K, capacity 14740K, committed 14848K, reserved 1048576K
}
Event: 140.833 GC heap after
{Heap after GC invocations=70 (full 0):
 garbage-first heap   total 252928K, used 209919K [0x0000000080000000, 0x0000000100000000)
  region size 1024K, 2 young (2048K), 2 survivors (2048K)
 Metaspace       used 109792K, capacity 112281K, committed 112640K, reserved 1146880K
  class space    used 13838K, capacity 14740K, committed 14848K, reserved 1048576K
}
Event: 140.867 GC heap before
{Heap before GC invocations=70 (full 0):
 garbage-first heap   total 252928K, used 220159K [0x0000000080000000, 0x0000000100000000)
  region size 1024K, 12 young (12288K), 2 survivors (2048K)
 Metaspace       used 109792K, capacity 112281K, committed 112640K, reserved 1146880K
  class space    used 13838K, capacity 14740K, committed 14848K, reserved 1048576K
}
Event: 140.886 GC heap after
{Heap after GC invocations=71 (full 0):
 garbage-first heap   total 252928K, used 217721K [0x0000000080000000, 0x0000000100000000)
  region size 1024K, 2 young (2048K), 2 survivors (2048K)
 Metaspace       used 109792K, capacity 112281K, committed 112640K, reserved 1146880K
  class space    used 13838K, capacity 14740K, committed 14848K, reserved 1048576K
}
Event: 143.485 GC heap before
{Heap before GC invocations=71 (full 0):
 garbage-first heap   total 252928K, used 226937K [0x0000000080000000, 0x0000000100000000)
  region size 1024K, 12 young (12288K), 2 survivors (2048K)
 Metaspace       used 111516K, capacity 114085K, committed 114304K, reserved 1148928K
  class space    used 14049K, capacity 14958K, committed 14976K, reserved 1048576K
}
Event: 143.555 GC heap after
{Heap after GC invocations=72 (full 0):
 garbage-first heap   total 252928K, used 220270K [0x0000000080000000, 0x0000000100000000)
  region size 1024K, 2 young (2048K), 2 survivors (2048K)
 Metaspace       used 111516K, capacity 114085K, committed 114304K, reserved 1148928K
  class space    used 14049K, capacity 14958K, committed 14976K, reserved 1048576K
}

Deoptimization events (20 events):
Event: 143.642 Thread 0x00000202e3131000 Uncommon trap: trap_request=0xffffffbe fr.pc=0x00000202cd5229ec relative=0x0000000000000b2c
Event: 143.642 Thread 0x00000202e3131000 Uncommon trap: reason=profile_predicate action=maybe_recompile pc=0x00000202cd5229ec method=java.util.regex.Pattern$BnM.optimize(Ljava/util/regex/Pattern$Node;)Ljava/util/regex/Pattern$Node; @ 67 c2
Event: 143.642 Thread 0x00000202e3131000 DEOPT PACKING pc=0x00000202cd5229ec sp=0x0000006269bfb9b0
Event: 143.642 Thread 0x00000202e3131000 DEOPT UNPACKING pc=0x00000202c53574af sp=0x0000006269bfb908 mode 2
Event: 143.844 Thread 0x00000202e3131000 Uncommon trap: trap_request=0xffffffde fr.pc=0x00000202cd15c2fc relative=0x000000000000057c
Event: 143.844 Thread 0x00000202e3131000 Uncommon trap: reason=class_check action=maybe_recompile pc=0x00000202cd15c2fc method=java.lang.AbstractStringBuilder.append(Ljava/lang/CharSequence;)Ljava/lang/AbstractStringBuilder; @ 37 c2
Event: 143.844 Thread 0x00000202e3131000 DEOPT PACKING pc=0x00000202cd15c2fc sp=0x0000006269bfbb00
Event: 143.844 Thread 0x00000202e3131000 DEOPT UNPACKING pc=0x00000202c53574af sp=0x0000006269bfbad8 mode 2
Event: 143.845 Thread 0x00000202e3131000 Uncommon trap: trap_request=0xffffffde fr.pc=0x00000202cd15c2fc relative=0x000000000000057c
Event: 143.845 Thread 0x00000202e3131000 Uncommon trap: reason=class_check action=maybe_recompile pc=0x00000202cd15c2fc method=java.lang.AbstractStringBuilder.append(Ljava/lang/CharSequence;)Ljava/lang/AbstractStringBuilder; @ 37 c2
Event: 143.846 Thread 0x00000202e3131000 DEOPT PACKING pc=0x00000202cd15c2fc sp=0x0000006269bfbb00
Event: 143.846 Thread 0x00000202e3131000 DEOPT UNPACKING pc=0x00000202c53574af sp=0x0000006269bfbad8 mode 2
Event: 143.849 Thread 0x00000202e3131000 Uncommon trap: trap_request=0xffffffde fr.pc=0x00000202cd15c2fc relative=0x000000000000057c
Event: 143.849 Thread 0x00000202e3131000 Uncommon trap: reason=class_check action=maybe_recompile pc=0x00000202cd15c2fc method=java.lang.AbstractStringBuilder.append(Ljava/lang/CharSequence;)Ljava/lang/AbstractStringBuilder; @ 37 c2
Event: 143.849 Thread 0x00000202e3131000 DEOPT PACKING pc=0x00000202cd15c2fc sp=0x0000006269bfbb00
Event: 143.849 Thread 0x00000202e3131000 DEOPT UNPACKING pc=0x00000202c53574af sp=0x0000006269bfbad8 mode 2
Event: 143.852 Thread 0x00000202e3131000 Uncommon trap: trap_request=0xffffffde fr.pc=0x00000202cd15c2fc relative=0x000000000000057c
Event: 143.852 Thread 0x00000202e3131000 Uncommon trap: reason=class_check action=maybe_recompile pc=0x00000202cd15c2fc method=java.lang.AbstractStringBuilder.append(Ljava/lang/CharSequence;)Ljava/lang/AbstractStringBuilder; @ 37 c2
Event: 143.852 Thread 0x00000202e3131000 DEOPT PACKING pc=0x00000202cd15c2fc sp=0x0000006269bfbb00
Event: 143.852 Thread 0x00000202e3131000 DEOPT UNPACKING pc=0x00000202c53574af sp=0x0000006269bfbad8 mode 2

Classes redefined (0 events):
No events

Internal exceptions (20 events):
Event: 141.035 Thread 0x00000202e3131000 Exception <a 'sun/nio/fs/WindowsException'{0x000000008f3c9bf0}> (0x000000008f3c9bf0) thrown at [./src/hotspot/share/prims/jni.cpp, line 615]
Event: 141.036 Thread 0x00000202e3131000 Exception <a 'sun/nio/fs/WindowsException'{0x000000008f3c9c70}> (0x000000008f3c9c70) thrown at [./src/hotspot/share/prims/jni.cpp, line 615]
Event: 141.036 Thread 0x00000202e3131000 Exception <a 'sun/nio/fs/WindowsException'{0x000000008f3cb1f8}> (0x000000008f3cb1f8) thrown at [./src/hotspot/share/prims/jni.cpp, line 615]
Event: 141.036 Thread 0x00000202e3131000 Exception <a 'sun/nio/fs/WindowsException'{0x000000008f3cb278}> (0x000000008f3cb278) thrown at [./src/hotspot/share/prims/jni.cpp, line 615]
Event: 141.204 Thread 0x00000202e3131000 Exception <a 'sun/nio/fs/WindowsException'{0x000000008f1892d8}> (0x000000008f1892d8) thrown at [./src/hotspot/share/prims/jni.cpp, line 615]
Event: 141.204 Thread 0x00000202e3131000 Exception <a 'sun/nio/fs/WindowsException'{0x000000008f189358}> (0x000000008f189358) thrown at [./src/hotspot/share/prims/jni.cpp, line 615]
Event: 141.205 Thread 0x00000202e3131000 Exception <a 'sun/nio/fs/WindowsException'{0x000000008f18a920}> (0x000000008f18a920) thrown at [./src/hotspot/share/prims/jni.cpp, line 615]
Event: 141.205 Thread 0x00000202e3131000 Exception <a 'sun/nio/fs/WindowsException'{0x000000008f18a9a0}> (0x000000008f18a9a0) thrown at [./src/hotspot/share/prims/jni.cpp, line 615]
Event: 141.205 Thread 0x00000202e3131000 Exception <a 'sun/nio/fs/WindowsException'{0x000000008f18bf30}> (0x000000008f18bf30) thrown at [./src/hotspot/share/prims/jni.cpp, line 615]
Event: 141.205 Thread 0x00000202e3131000 Exception <a 'sun/nio/fs/WindowsException'{0x000000008f18bfb0}> (0x000000008f18bfb0) thrown at [./src/hotspot/share/prims/jni.cpp, line 615]
Event: 141.872 Thread 0x00000202e3131000 Exception <a 'java/lang/NoSuchMethodError'{0x000000008f0789a8}: 'java.lang.Object java.lang.invoke.DirectMethodHandle$Holder.invokeVirtual(java.lang.Object, java.lang.Object, int)'> (0x000000008f0789a8) thrown at [./src/hotspot/share/interpreter/linkResolver.cpp, line 773]
Event: 141.901 Thread 0x00000202e3131000 Exception <a 'java/lang/NoSuchMethodError'{0x000000008f08e3d0}: 'void java.lang.invoke.DirectMethodHandle$Holder.invokeStatic(java.lang.Object, java.lang.Object, java.lang.Object, int)'> (0x000000008f08e3d0) thrown at [./src/hotspot/share/interpreter/linkResolver.cpp, line 773]
Event: 143.718 Thread 0x00000202e3131000 Exception <a 'sun/nio/fs/WindowsException'{0x000000008f64b1e8}> (0x000000008f64b1e8) thrown at [./src/hotspot/share/prims/jni.cpp, line 615]
Event: 143.719 Thread 0x00000202e3131000 Exception <a 'sun/nio/fs/WindowsException'{0x000000008f64b268}> (0x000000008f64b268) thrown at [./src/hotspot/share/prims/jni.cpp, line 615]
Event: 143.721 Thread 0x00000202e3131000 Exception <a 'sun/nio/fs/WindowsException'{0x000000008f64c868}> (0x000000008f64c868) thrown at [./src/hotspot/share/prims/jni.cpp, line 615]
Event: 143.721 Thread 0x00000202e3131000 Exception <a 'sun/nio/fs/WindowsException'{0x000000008f64c8e8}> (0x000000008f64c8e8) thrown at [./src/hotspot/share/prims/jni.cpp, line 615]
Event: 143.721 Thread 0x00000202e3131000 Exception <a 'sun/nio/fs/WindowsException'{0x000000008f64deb0}> (0x000000008f64deb0) thrown at [./src/hotspot/share/prims/jni.cpp, line 615]
Event: 143.722 Thread 0x00000202e3131000 Exception <a 'sun/nio/fs/WindowsException'{0x000000008f64df30}> (0x000000008f64df30) thrown at [./src/hotspot/share/prims/jni.cpp, line 615]
Event: 143.861 Thread 0x00000202e3131000 Exception <a 'sun/nio/fs/WindowsException'{0x000000008f54b1e8}> (0x000000008f54b1e8) thrown at [./src/hotspot/share/prims/jni.cpp, line 615]
Event: 143.863 Thread 0x00000202e3131000 Exception <a 'sun/nio/fs/WindowsException'{0x000000008f54bc98}> (0x000000008f54bc98) thrown at [./src/hotspot/share/prims/jni.cpp, line 615]

Events (20 events):
Event: 143.737 loading class com/squareup/javapoet/TypeSpec
Event: 143.737 loading class com/squareup/javapoet/TypeSpec done
Event: 143.737 loading class com/squareup/javapoet/TypeSpec
Event: 143.737 loading class com/squareup/javapoet/TypeSpec done
Event: 143.737 loading class com/squareup/javapoet/TypeSpec$Builder
Event: 143.737 loading class com/squareup/javapoet/TypeSpec$Builder done
Event: 143.737 loading class com/squareup/javapoet/ClassName
Event: 143.737 loading class com/squareup/javapoet/ClassName done
Event: 143.737 loading class com/squareup/javapoet/TypeSpec$Builder
Event: 143.737 loading class com/squareup/javapoet/TypeSpec$Builder done
Event: 143.738 loading class com/google/common/base/Utf8
Event: 143.738 loading class com/google/common/base/Utf8 done
Event: 143.741 loading class com/squareup/javapoet/TypeName
Event: 143.741 loading class com/squareup/javapoet/TypeName done
Event: 143.741 loading class com/squareup/javapoet/TypeSpec$Builder
Event: 143.741 loading class com/squareup/javapoet/TypeSpec$Builder done
Event: 143.762 loading class dagger/hilt/processor/internal/root/RootFileFormatter
Event: 143.762 loading class dagger/hilt/processor/internal/root/RootFileFormatter done
Event: 143.830 loading class java/util/regex/Matcher$ImmutableMatchResult
Event: 143.832 loading class java/util/regex/Matcher$ImmutableMatchResult done


Dynamic libraries:
0x00007ff604af0000 - 0x00007ff604afa000 	C:\Program Files\Android\Android Studio\jre\bin\java.exe
0x00007ffb1cf70000 - 0x00007ffb1d165000 	C:\WINDOWS\SYSTEM32\ntdll.dll
0x00007ffaffd10000 - 0x00007ffaffd23000 	C:\Program Files\AVAST Software\Avast\aswhook.dll
0x00007ffb1b3e0000 - 0x00007ffb1b49d000 	C:\WINDOWS\System32\KERNEL32.DLL
0x00007ffb1a730000 - 0x00007ffb1a9f8000 	C:\WINDOWS\System32\KERNELBASE.dll
0x00007ffb1ab90000 - 0x00007ffb1ac90000 	C:\WINDOWS\System32\ucrtbase.dll
0x00007ffb04430000 - 0x00007ffb04449000 	C:\Program Files\Android\Android Studio\jre\bin\jli.dll
0x00007ffafb430000 - 0x00007ffafb447000 	C:\Program Files\Android\Android Studio\jre\bin\VCRUNTIME140.dll
0x00007ffb1b1a0000 - 0x00007ffb1b340000 	C:\WINDOWS\System32\USER32.dll
0x00007ffb1a700000 - 0x00007ffb1a722000 	C:\WINDOWS\System32\win32u.dll
0x00007ffb1c500000 - 0x00007ffb1c52a000 	C:\WINDOWS\System32\GDI32.dll
0x00007ffb1ada0000 - 0x00007ffb1aeab000 	C:\WINDOWS\System32\gdi32full.dll
0x00007ffb02d30000 - 0x00007ffb02fca000 	C:\WINDOWS\WinSxS\amd64_microsoft.windows.common-controls_6595b64144ccf1df_6.0.19041.844_none_ca00b6081b84eb1d\COMCTL32.dll
0x00007ffb1aeb0000 - 0x00007ffb1af4d000 	C:\WINDOWS\System32\msvcp_win.dll
0x00007ffb1b340000 - 0x00007ffb1b3de000 	C:\WINDOWS\System32\msvcrt.dll
0x00007ffb1c550000 - 0x00007ffb1c580000 	C:\WINDOWS\System32\IMM32.DLL
0x00007ffad4880000 - 0x00007ffad491d000 	C:\Program Files\Android\Android Studio\jre\bin\msvcp140.dll
0x00007ffa957a0000 - 0x00007ffa9625c000 	C:\Program Files\Android\Android Studio\jre\bin\server\jvm.dll
0x00007ffb1b6b0000 - 0x00007ffb1b75c000 	C:\WINDOWS\System32\ADVAPI32.dll
0x00007ffb1ce30000 - 0x00007ffb1cecb000 	C:\WINDOWS\System32\sechost.dll
0x00007ffb1b760000 - 0x00007ffb1b88b000 	C:\WINDOWS\System32\RPCRT4.dll
0x00007ffb1c530000 - 0x00007ffb1c538000 	C:\WINDOWS\System32\PSAPI.DLL
0x00007ffb02590000 - 0x00007ffb025b7000 	C:\WINDOWS\SYSTEM32\WINMM.dll
0x00007ffb13fa0000 - 0x00007ffb13faa000 	C:\WINDOWS\SYSTEM32\VERSION.dll
0x00007ffb00610000 - 0x00007ffb00619000 	C:\WINDOWS\SYSTEM32\WSOCK32.dll
0x00007ffb1c090000 - 0x00007ffb1c0fb000 	C:\WINDOWS\System32\WS2_32.dll
0x00007ffb18fd0000 - 0x00007ffb18fe2000 	C:\WINDOWS\SYSTEM32\kernel.appcore.dll
0x00007ffaf2340000 - 0x00007ffaf2351000 	C:\Program Files\Android\Android Studio\jre\bin\verify.dll
0x00007ffb18ca0000 - 0x00007ffb18e84000 	C:\WINDOWS\SYSTEM32\DBGHELP.DLL
0x00007ffb067a0000 - 0x00007ffb067cc000 	C:\WINDOWS\SYSTEM32\dbgcore.DLL
0x00007ffb1af50000 - 0x00007ffb1afd0000 	C:\WINDOWS\System32\bcryptPrimitives.dll
0x00007ffae93e0000 - 0x00007ffae9409000 	C:\Program Files\Android\Android Studio\jre\bin\java.dll
0x00007ffb15ce0000 - 0x00007ffb15ceb000 	C:\Program Files\Android\Android Studio\jre\bin\jimage.dll
0x00007ffae9390000 - 0x00007ffae93a8000 	C:\Program Files\Android\Android Studio\jre\bin\zip.dll
0x00007ffb1b940000 - 0x00007ffb1c082000 	C:\WINDOWS\System32\SHELL32.dll
0x00007ffb18430000 - 0x00007ffb18bc1000 	C:\WINDOWS\SYSTEM32\windows.storage.dll
0x00007ffb1cad0000 - 0x00007ffb1ce25000 	C:\WINDOWS\System32\combase.dll
0x00007ffb1a050000 - 0x00007ffb1a07c000 	C:\WINDOWS\SYSTEM32\Wldp.dll
0x00007ffb1b890000 - 0x00007ffb1b93e000 	C:\WINDOWS\System32\SHCORE.dll
0x00007ffb1b4a0000 - 0x00007ffb1b4f5000 	C:\WINDOWS\System32\shlwapi.dll
0x00007ffb1a5f0000 - 0x00007ffb1a60f000 	C:\WINDOWS\SYSTEM32\profapi.dll
0x00007ffae7310000 - 0x00007ffae732a000 	C:\Program Files\Android\Android Studio\jre\bin\net.dll
0x00007ffb020a0000 - 0x00007ffb021ab000 	C:\WINDOWS\SYSTEM32\WINHTTP.dll
0x00007ffb19dc0000 - 0x00007ffb19e2a000 	C:\WINDOWS\system32\mswsock.dll
0x00007ffadc730000 - 0x00007ffadc744000 	C:\Program Files\Android\Android Studio\jre\bin\nio.dll
0x00007ffb04450000 - 0x00007ffb04477000 	C:\Users\Kunal\.gradle\native\fdc75f09e3144964f2cf3f50f0aa648679c211496f362492102eb8c894070792\windows-amd64\native-platform.dll
0x00007ffad1a70000 - 0x00007ffad1c06000 	C:\Users\Kunal\.gradle\native\12488b8bf47d2d4c9fbf2f6322a914ad602e24e48041cd04a747c6da556b65c4\windows-amd64\native-platform-file-events.dll
0x00007ffb043f0000 - 0x00007ffb043fa000 	C:\Program Files\Android\Android Studio\jre\bin\management.dll
0x00007ffaff290000 - 0x00007ffaff29c000 	C:\Program Files\Android\Android Studio\jre\bin\management_ext.dll
0x00007ffb19f90000 - 0x00007ffb19fa8000 	C:\WINDOWS\SYSTEM32\CRYPTSP.dll
0x00007ffb19760000 - 0x00007ffb19794000 	C:\WINDOWS\system32\rsaenh.dll
0x00007ffb1aa00000 - 0x00007ffb1aa27000 	C:\WINDOWS\System32\bcrypt.dll
0x00007ffb1a5b0000 - 0x00007ffb1a5de000 	C:\WINDOWS\SYSTEM32\USERENV.dll
0x00007ffb19fb0000 - 0x00007ffb19fbc000 	C:\WINDOWS\SYSTEM32\CRYPTBASE.dll
0x00007ffb19ab0000 - 0x00007ffb19aeb000 	C:\WINDOWS\SYSTEM32\IPHLPAPI.DLL
0x00007ffb1c460000 - 0x00007ffb1c468000 	C:\WINDOWS\System32\NSI.dll
0x00007ffb17190000 - 0x00007ffb171a7000 	C:\WINDOWS\SYSTEM32\dhcpcsvc6.DLL
0x00007ffb17170000 - 0x00007ffb1718d000 	C:\WINDOWS\SYSTEM32\dhcpcsvc.DLL
0x00007ffb19af0000 - 0x00007ffb19bbc000 	C:\WINDOWS\SYSTEM32\DNSAPI.dll
0x00007ffb12e30000 - 0x00007ffb12e3b000 	C:\WINDOWS\SYSTEM32\WINNSI.DLL
0x00007ffb044b0000 - 0x00007ffb044ce000 	C:\Users\Kunal\AppData\Local\Temp\native-platform578825036891991536dir\native-platform.dll
0x00007ffb15d90000 - 0x00007ffb15d98000 	C:\Program Files\Android\Android Studio\jre\bin\rmi.dll

dbghelp: loaded successfully - version: 4.0.5 - missing functions: none
symbol engine: initialized successfully - sym options: 0x614 - pdb path: .;C:\Program Files\Android\Android Studio\jre\bin;C:\WINDOWS\SYSTEM32;C:\Program Files\AVAST Software\Avast;C:\WINDOWS\WinSxS\amd64_microsoft.windows.common-controls_6595b64144ccf1df_6.0.19041.844_none_ca00b6081b84eb1d;C:\Program Files\Android\Android Studio\jre\bin\server;C:\Users\Kunal\.gradle\native\fdc75f09e3144964f2cf3f50f0aa648679c211496f362492102eb8c894070792\windows-amd64;C:\Users\Kunal\.gradle\native\12488b8bf47d2d4c9fbf2f6322a914ad602e24e48041cd04a747c6da556b65c4\windows-amd64;C:\Users\Kunal\AppData\Local\Temp\native-platform578825036891991536dir

VM Arguments:
jvm_args: --add-opens=java.base/java.util=ALL-UNNAMED --add-opens=java.base/java.lang=ALL-UNNAMED --add-opens=java.base/java.lang.invoke=ALL-UNNAMED --add-opens=java.prefs/java.util.prefs=ALL-UNNAMED -Xmx2048m -Dfile.encoding=UTF-8 -Duser.country=IN -Duser.language=en -Duser.variant 
java_command: org.gradle.launcher.daemon.bootstrap.GradleDaemon 6.7.1
java_class_path (initial): C:\Users\Kunal\.gradle\wrapper\dists\gradle-6.7.1-bin\bwlcbys1h7rz3272sye1xwiv6\gradle-6.7.1\lib\gradle-launcher-6.7.1.jar
Launcher Type: SUN_STANDARD

[Global flags]
     intx CICompilerCount                          = 4                                         {product} {ergonomic}
     uint ConcGCThreads                            = 2                                         {product} {ergonomic}
     uint G1ConcRefinementThreads                  = 8                                         {product} {ergonomic}
   size_t G1HeapRegionSize                         = 1048576                                   {product} {ergonomic}
    uintx GCDrainStackTargetSize                   = 64                                        {product} {ergonomic}
   size_t InitialHeapSize                          = 67108864                                  {product} {ergonomic}
   size_t MarkStackSize                            = 4194304                                   {product} {ergonomic}
   size_t MaxHeapSize                              = 2147483648                                {product} {command line}
   size_t MaxNewSize                               = 1287651328                                {product} {ergonomic}
   size_t MinHeapDeltaBytes                        = 1048576                                   {product} {ergonomic}
    uintx NonNMethodCodeHeapSize                   = 5836300                                {pd product} {ergonomic}
    uintx NonProfiledCodeHeapSize                  = 122910970                              {pd product} {ergonomic}
    uintx ProfiledCodeHeapSize                     = 122910970                              {pd product} {ergonomic}
    uintx ReservedCodeCacheSize                    = 251658240                              {pd product} {ergonomic}
     bool SegmentedCodeCache                       = true                                      {product} {ergonomic}
     bool UseCompressedClassPointers               = true                                 {lp64_product} {ergonomic}
     bool UseCompressedOops                        = true                                 {lp64_product} {ergonomic}
     bool UseG1GC                                  = true                                      {product} {ergonomic}
     bool UseLargePagesIndividualAllocation        = false                                  {pd product} {ergonomic}

Logging:
Log output configuration:
 #0: stdout all=warning uptime,level,tags
 #1: stderr all=off uptime,level,tags

Environment Variables:
PATH=C:\Program Files (x86)\Common Files\Intel\Shared Libraries\redist\intel64\compiler;C:\windows\system32;C:\windows;C:\windows\System32\Wbem;C:\windows\System32\WindowsPowerShell\v1.0\;C:\windows\System32\OpenSSH\;C:\Program Files\WindowsPowerShell\Scripts;C:\Program Files\Microsoft SQL Server\120\Tools\Binn\;C:\WINDOWS\system32;C:\WINDOWS;C:\WINDOWS\System32\Wbem;C:\WINDOWS\System32\WindowsPowerShell\v1.0\;C:\WINDOWS\System32\OpenSSH\;C:\Program Files\Git\cmd;C:\MinGW\bin;C:\Users\Kunal\AppData\Local\Microsoft\WindowsApps;;C:\Users\Kunal\AppData\Local\Programs\Microsoft VS Code\bin
USERNAME=Kunal
OS=Windows_NT
PROCESSOR_IDENTIFIER=Intel64 Family 6 Model 142 Stepping 12, GenuineIntel



---------------  S Y S T E M  ---------------

OS: Windows 10 , 64 bit Build 19041 (10.0.19041.804)
OS uptime: 0 days 13:38 hours

CPU:total 8 (initial active 8) (4 cores per cpu, 2 threads per core) family 6 model 142 stepping 12, cmov, cx8, fxsr, mmx, sse, sse2, sse3, ssse3, sse4.1, sse4.2, popcnt, avx, avx2, aes, clmul, erms, 3dnowpref, lzcnt, ht, tsc, tscinvbit, bmi1, bmi2, adx, fma

Memory: 4k page, system-wide physical 3974M (142M free)
TotalPageFile size 16262M (AvailPageFile size 6M)
current process WorkingSet (physical memory assigned to process): 317M, peak: 342M
current process commit charge ("private bytes"): 571M, peak: 574M

vm_info: OpenJDK 64-Bit Server VM (11.0.8+10-b944.6842174) for windows-amd64 JRE (11.0.8+10-b944.6842174), built on Sep 19 2020 01:11:42 by "builder" with MS VC++ 14.0 (VS2015)

END.
